-------------------------------------------------------------------------------
Test set: com.payflow.payrollsystem.service.PayrollApprovalServiceTest
-------------------------------------------------------------------------------
Tests run: 5, Failures: 0, Errors: 2, Skipped: 0, Time elapsed: 0.037 s <<< FAILURE! - in com.payflow.payrollsystem.service.PayrollApprovalServiceTest
approveRun_creates_approval_and_locks_run  Time elapsed: 0.005 s  <<< ERROR!
org.mockito.exceptions.misusing.PotentialStubbingProblem: 

Strict stubbing argument mismatch. Please check:
 - this invocation of 'findByEmail' method:
    userRepository.findByEmail("admin@c.com");
    -> at com.payflow.payrollsystem.service.PayrollApprovalService.getCurrentUser(PayrollApprovalService.java:45)
 - has following stubbing(s) with different arguments:
    1. userRepository.findByEmail(
    "finance@test.com"
);
      -> at com.payflow.payrollsystem.service.PayrollApprovalServiceTest.approveRun_creates_approval_and_locks_run(PayrollApprovalServiceTest.java:84)
Typically, stubbing argument mismatch indicates user mistake when writing tests.
Mockito fails early so that you can debug potential problem easily.
However, there are legit scenarios when this exception generates false negative signal:
  - stubbing the same method multiple times using 'given().will()' or 'when().then()' API
    Please use 'will().given()' or 'doReturn().when()' API for stubbing.
  - stubbed method is intentionally invoked with different arguments by code under test
    Please use default or 'silent' JUnit Rule (equivalent of Strictness.LENIENT).
For more information see javadoc for PotentialStubbingProblem class.
	at com.payflow.payrollsystem.service.PayrollApprovalServiceTest.approveRun_creates_approval_and_locks_run(PayrollApprovalServiceTest.java:92)

rejectRun_creates_approval_and_moves_back_to_draft  Time elapsed: 0.004 s  <<< ERROR!
org.mockito.exceptions.misusing.PotentialStubbingProblem: 

Strict stubbing argument mismatch. Please check:
 - this invocation of 'findByEmail' method:
    userRepository.findByEmail("admin@c.com");
    -> at com.payflow.payrollsystem.service.PayrollApprovalService.rejectRun(PayrollApprovalService.java:104)
 - has following stubbing(s) with different arguments:
    1. userRepository.findByEmail(
    "finance@test.com"
);
      -> at com.payflow.payrollsystem.service.PayrollApprovalServiceTest.rejectRun_creates_approval_and_moves_back_to_draft(PayrollApprovalServiceTest.java:119)
Typically, stubbing argument mismatch indicates user mistake when writing tests.
Mockito fails early so that you can debug potential problem easily.
However, there are legit scenarios when this exception generates false negative signal:
  - stubbing the same method multiple times using 'given().will()' or 'when().then()' API
    Please use 'will().given()' or 'doReturn().when()' API for stubbing.
  - stubbed method is intentionally invoked with different arguments by code under test
    Please use default or 'silent' JUnit Rule (equivalent of Strictness.LENIENT).
For more information see javadoc for PotentialStubbingProblem class.
	at com.payflow.payrollsystem.service.PayrollApprovalServiceTest.rejectRun_creates_approval_and_moves_back_to_draft(PayrollApprovalServiceTest.java:126)

